<?xml version="1.0" encoding="UTF-8"?>
<testng-results skipped="0" failed="0" ignored="0" total="1" passed="1">
  <reporter-output>
  </reporter-output>
  <suite name="Default suite" duration-ms="28276" started-at="2021-08-28T12:38:23 IST" finished-at="2021-08-28T12:38:52 IST">
    <groups>
    </groups>
    <test name="Default test" duration-ms="28276" started-at="2021-08-28T12:38:23 IST" finished-at="2021-08-28T12:38:52 IST">
      <class name="com.crm.qa.tests.companiespagetest">
        <test-method status="PASS" signature="beforesuite()[pri:0, instance:com.crm.qa.tests.companiespagetest@150c158]" name="beforesuite" is-config="true" duration-ms="406" started-at="2021-08-28T12:38:23 IST" finished-at="2021-08-28T12:38:23 IST">
          <reporter-output>
          </reporter-output>
        </test-method> <!-- beforesuite -->
        <test-method status="PASS" signature="setup()[pri:0, instance:com.crm.qa.tests.companiespagetest@150c158]" name="setup" is-config="true" duration-ms="26316" started-at="2021-08-28T12:38:23 IST" finished-at="2021-08-28T12:38:50 IST">
          <reporter-output>
          </reporter-output>
        </test-method> <!-- setup -->
        <test-method status="PASS" signature="verifycompaniespagetest()[pri:0, instance:com.crm.qa.tests.companiespagetest@150c158]" name="verifycompaniespagetest" duration-ms="1916" started-at="2021-08-28T12:38:50 IST" finished-at="2021-08-28T12:38:52 IST">
          <reporter-output>
          </reporter-output>
        </test-method> <!-- verifycompaniespagetest -->
        <test-method status="PASS" signature="aftersuite()[pri:0, instance:com.crm.qa.tests.companiespagetest@150c158]" name="aftersuite" is-config="true" duration-ms="637" started-at="2021-08-28T12:38:52 IST" finished-at="2021-08-28T12:38:52 IST">
          <reporter-output>
          </reporter-output>
        </test-method> <!-- aftersuite -->
      </class> <!-- com.crm.qa.tests.companiespagetest -->
    </test> <!-- Default test -->
  </suite> <!-- Default suite -->
</testng-results>
